android/app/build/outputs/logs/manifest-merger-release-report.txt
-- Merging decision tree log ---
provider#vn.hunghd.flutterdownloader.DownloadedFileProvider
INJECTED from src/main/AndroidManifest.xml:49:9-57:20
	android:grantUriPermissions
		ADDED from src/main/AndroidManifest.xml:53:11-45
	android:authorities
		INJECTED from src/main/AndroidManifest.xml
		ADDED from src/main/AndroidManifest.xml:51:11-77
	android:exported
		ADDED from src/main/AndroidManifest.xml:52:11-35
	android:name
		ADDED from src/main/AndroidManifest.xml:50:11-76
manifest
ADDED from src/main/AndroidManifest.xml:1:1-59:12
INJECTED from src/main/AndroidManifest.xml:1:1-59:12
INJECTED from src/main/AndroidManifest.xml:1:1-59:12
INJECTED from src/main/AndroidManifest.xml:1:1-59:12
MERGED from [:image_picker] AndroidManifest.xml:2:1-19:12
MERGED from [:flutter_plugin_android_lifecycle] AndroidManifest.xml:2:1-7:12
MERGED from [:sqflite] AndroidManifest.xml:2:1-7:12
MERGED from [:path_provider_android] AndroidManifest.xml:2:1-7:12
MERGED from [:flutter_downloader] AndroidManifest.xml:2:1-14:12
MERGED from [:wakelock] AndroidManifest.xml:2:1-7:12
MERGED from [:just_audio] AndroidManifest.xml:2:1-7:12
MERGED from [:permission_handler_android] AndroidManifest.xml:2:1-7:12
MERGED from [:fluttertoast] AndroidManifest.xml:2:1-7:12
MERGED from [:device_info_plus] AndroidManifest.xml:2:1-7:12
MERGED from [:audio_session] AndroidManifest.xml:2:1-7:12
MERGED from [:video_player_android] AndroidManifest.xml:2:1-7:12
MERGED from [:android_path_provider] AndroidManifest.xml:2:1-7:12
MERGED from [androidx.window:window-java:1.0.0-beta04] AndroidManifest.xml:17:1-23:12
MERGED from [androidx.window:window:1.0.0-beta04] AndroidManifest.xml:17:1-33:12
MERGED from [androidx.multidex:multidex:2.0.0] AndroidManifest.xml:17:1-22:12
MERGED from [androidx.exifinterface:exifinterface:1.3.0] AndroidManifest.xml:17:1-24:12
MERGED from [androidx.work:work-runtime:2.7.1] AndroidManifest.xml:17:1-145:12
MERGED from [androidx.fragment:fragment:1.3.6] AndroidManifest.xml:17:1-24:12
MERGED from [androidx.viewpager:viewpager:1.0.0] AndroidManifest.xml:17:1-22:12
MERGED from [androidx.loader:loader:1.0.0] AndroidManifest.xml:17:1-22:12
MERGED from [androidx.activity:activity:1.2.4] AndroidManifest.xml:17:1-24:12
MERGED from [androidx.customview:customview:1.0.0] AndroidManifest.xml:17:1-22:12
MERGED from [androidx.media2:media2-session:1.1.3] AndroidManifest.xml:17:1-36:12
MERGED from [androidx.media2:media2-common:1.1.3] AndroidManifest.xml:17:1-24:12
MERGED from [androidx.media:media:1.2.0] AndroidManifest.xml:17:1-24:12
MERGED from [androidx.core:core:1.6.0] AndroidManifest.xml:17:1-26:12
MERGED from [com.google.android.exoplayer:exoplayer-dash:2.15.0] AndroidManifest.xml:17:1-24:12
MERGED from [com.google.android.exoplayer:exoplayer-hls:2.15.0] AndroidManifest.xml:17:1-24:12
MERGED from [com.google.android.exoplayer:exoplayer-smoothstreaming:2.15.0] AndroidManifest.xml:17:1-24:12
MERGED from [com.google.android.exoplayer:exoplayer-core:2.15.0] AndroidManifest.xml:17:1-26:12
MERGED from [androidx.startup:startup-runtime:1.0.0] AndroidManifest.xml:17:1-33:12
MERGED from [androidx.tracing:tracing:1.0.0] AndroidManifest.xml:17:1-24:12
MERGED from [androidx.versionedparcelable:versionedparcelable:1.1.1] AndroidManifest.xml:17:1-27:12
MERGED from [androidx.room:room-runtime:2.2.5] AndroidManifest.xml:17:1-31:12
MERGED from [androidx.sqlite:sqlite-framework:2.1.0] AndroidManifest.xml:17:1-24:12
MERGED from [androidx.sqlite:sqlite:2.1.0] AndroidManifest.xml:17:1-24:12
MERGED from [androidx.lifecycle:lifecycle-viewmodel-savedstate:2.3.1] AndroidManifest.xml:17:1-24:12
MERGED from [androidx.lifecycle:lifecycle-viewmodel:2.3.1] AndroidManifest.xml:17:1-24:12
MERGED from [androidx.savedstate:savedstate:1.1.0] AndroidManifest.xml:17:1-24:12
MERGED from [com.google.android.exoplayer:exoplayer-extractor:2.15.0] AndroidManifest.xml:17:1-24:12
MERGED from [com.google.android.exoplayer:exoplayer-common:2.15.0] AndroidManifest.xml:17:1-26:12
MERGED from [androidx.lifecycle:lifecycle-livedata:2.1.0] AndroidManifest.xml:17:1-22:12
MERGED from [androidx.lifecycle:lifecycle-livedata-core:2.3.1] AndroidManifest.xml:17:1-24:12
MERGED from [androidx.lifecycle:lifecycle-service:2.1.0] AndroidManifest.xml:17:1-22:12
MERGED from [androidx.lifecycle:lifecycle-runtime:2.3.1] AndroidManifest.xml:17:1-24:12
MERGED from [androidx.arch.core:core-runtime:2.1.0] AndroidManifest.xml:17:1-24:12
MERGED from [androidx.annotation:annotation-experimental:1.1.0] AndroidManifest.xml:17:1-24:12
INJECTED from src/main/AndroidManifest.xml:1:1-59:12
INJECTED from src/main/AndroidManifest.xml:1:1-59:12
INJECTED from src/main/AndroidManifest.xml:1:1-59:12
	package
		ADDED from src/main/AndroidManifest.xml:2:5-34
		INJECTED from src/main/AndroidManifest.xml
		INJECTED from src/main/AndroidManifest.xml
	android:versionName
		INJECTED from src/main/AndroidManifest.xml
		ADDED from src/main/AndroidManifest.xml:1:1-59:12
		INJECTED from src/main/AndroidManifest.xml
	android:versionCode
		INJECTED from src/main/AndroidManifest.xml
		ADDED from src/main/AndroidManifest.xml:1:1-59:12
		INJECTED from src/main/AndroidManifest.xml
	xmlns:android
		ADDED from src/main/AndroidManifest.xml:1:11-69
uses-permission#android.permission.INTERNET
ADDED from src/main/AndroidManifest.xml:3:5-67
	android:name
		ADDED from src/main/AndroidManifest.xml:3:22-64
uses-permission#android.permission.ACCESS_WIFI_STATE
ADDED from src/main/AndroidManifest.xml:4:5-76
	android:name
		ADDED from src/main/AndroidManifest.xml:4:22-73
uses-permission#android.permission.ACCESS_NETWORK_STATE
ADDED from src/main/AndroidManifest.xml:5:5-79
MERGED from [androidx.work:work-runtime:2.7.1] AndroidManifest.xml:26:5-79
MERGED from [androidx.work:work-runtime:2.7.1] AndroidManifest.xml:26:5-79
MERGED from [com.google.android.exoplayer:exoplayer-core:2.15.0] AndroidManifest.xml:24:5-79
MERGED from [com.google.android.exoplayer:exoplayer-core:2.15.0] AndroidManifest.xml:24:5-79
MERGED from [com.google.android.exoplayer:exoplayer-common:2.15.0] AndroidManifest.xml:24:5-79
MERGED from [com.google.android.exoplayer:exoplayer-common:2.15.0] AndroidManifest.xml:24:5-79
	android:name
		ADDED from src/main/AndroidManifest.xml:5:22-76
uses-permission#android.permission.READ_EXTERNAL_STORAGE
ADDED from src/main/AndroidManifest.xml:6:5-80
	android:name
		ADDED from src/main/AndroidManifest.xml:6:22-77
uses-permission#android.permission.WRITE_EXTERNAL_STORAGE
ADDED from src/main/AndroidManifest.xml:7:5-81
	android:name
		ADDED from src/main/AndroidManifest.xml:7:22-78
uses-permission#android.permission.REQUEST_INSTALL_PACKAGES
ADDED from src/main/AndroidManifest.xml:8:5-83
	android:name
		ADDED from src/main/AndroidManifest.xml:8:22-80
application
ADDED from src/main/AndroidManifest.xml:9:4-58:19
MERGED from [:image_picker] AndroidManifest.xml:7:5-17:19
MERGED from [:image_picker] AndroidManifest.xml:7:5-17:19
MERGED from [androidx.window:window:1.0.0-beta04] AndroidManifest.xml:24:5-31:19
MERGED from [androidx.window:window:1.0.0-beta04] AndroidManifest.xml:24:5-31:19
MERGED from [androidx.work:work-runtime:2.7.1] AndroidManifest.xml:30:5-143:19
MERGED from [androidx.work:work-runtime:2.7.1] AndroidManifest.xml:30:5-143:19
MERGED from [androidx.core:core:1.6.0] AndroidManifest.xml:24:5-89
MERGED from [androidx.core:core:1.6.0] AndroidManifest.xml:24:5-89
MERGED from [androidx.startup:startup-runtime:1.0.0] AndroidManifest.xml:25:5-31:19
MERGED from [androidx.startup:startup-runtime:1.0.0] AndroidManifest.xml:25:5-31:19
MERGED from [androidx.versionedparcelable:versionedparcelable:1.1.1] AndroidManifest.xml:24:5-25:19
MERGED from [androidx.versionedparcelable:versionedparcelable:1.1.1] AndroidManifest.xml:24:5-25:19
MERGED from [androidx.room:room-runtime:2.2.5] AndroidManifest.xml:24:5-29:19
MERGED from [androidx.room:room-runtime:2.2.5] AndroidManifest.xml:24:5-29:19
	android:appComponentFactory
		ADDED from [androidx.core:core:1.6.0] AndroidManifest.xml:24:18-86
	android:label
		ADDED from src/main/AndroidManifest.xml:10:9-32
	android:icon
		ADDED from src/main/AndroidManifest.xml:11:9-43
	android:usesCleartextTraffic
		ADDED from src/main/AndroidManifest.xml:12:9-44
activity#com.example.okonect.MainActivity
ADDED from src/main/AndroidManifest.xml:13:9-41:20
	android:launchMode
		ADDED from src/main/AndroidManifest.xml:15:13-43
	android:hardwareAccelerated
		ADDED from src/main/AndroidManifest.xml:18:13-47
	android:windowSoftInputMode
		ADDED from src/main/AndroidManifest.xml:19:13-55
	android:configChanges
		ADDED from src/main/AndroidManifest.xml:17:13-163
	android:theme
		ADDED from src/main/AndroidManifest.xml:16:13-47
	android:name
		ADDED from src/main/AndroidManifest.xml:14:13-41
meta-data#io.flutter.embedding.android.NormalTheme
ADDED from src/main/AndroidManifest.xml:24:13-27:17
	android:resource
		ADDED from src/main/AndroidManifest.xml:26:15-52
	android:name
		ADDED from src/main/AndroidManifest.xml:25:15-70
meta-data#io.flutter.embedding.android.SplashScreenDrawable
ADDED from src/main/AndroidManifest.xml:33:13-36:17
	android:resource
		ADDED from src/main/AndroidManifest.xml:35:15-61
	android:name
		ADDED from src/main/AndroidManifest.xml:34:15-79
intent-filter#action:name:android.intent.action.MAIN+category:name:android.intent.category.LAUNCHER
ADDED from src/main/AndroidManifest.xml:37:13-40:29
action#android.intent.action.MAIN
ADDED from src/main/AndroidManifest.xml:38:17-68
	android:name
		ADDED from src/main/AndroidManifest.xml:38:25-66
category#android.intent.category.LAUNCHER
ADDED from src/main/AndroidManifest.xml:39:17-76
	android:name
		ADDED from src/main/AndroidManifest.xml:39:27-74
meta-data#flutterEmbedding
ADDED from src/main/AndroidManifest.xml:44:9-46:33
	android:value
		ADDED from src/main/AndroidManifest.xml:46:13-30
	android:name
		ADDED from src/main/AndroidManifest.xml:45:13-44
uses-sdk
INJECTED from src/main/AndroidManifest.xml reason: use-sdk injection requested
INJECTED from src/main/AndroidManifest.xml
INJECTED from src/main/AndroidManifest.xml
MERGED from [:image_picker] AndroidManifest.xml:5:5-44
MERGED from [:image_picker] AndroidManifest.xml:5:5-44
MERGED from [:flutter_plugin_android_lifecycle] AndroidManifest.xml:5:5-44
MERGED from [:flutter_plugin_android_lifecycle] AndroidManifest.xml:5:5-44
MERGED from [:sqflite] AndroidManifest.xml:5:5-44
MERGED from [:sqflite] AndroidManifest.xml:5:5-44
MERGED from [:path_provider_android] AndroidManifest.xml:5:5-44
MERGED from [:path_provider_android] AndroidManifest.xml:5:5-44
MERGED from [:flutter_downloader] AndroidManifest.xml:5:5-44
MERGED from [:flutter_downloader] AndroidManifest.xml:5:5-44
MERGED from [:wakelock] AndroidManifest.xml:5:5-44
MERGED from [:wakelock] AndroidManifest.xml:5:5-44
MERGED from [:just_audio] AndroidManifest.xml:5:5-44
MERGED from [:just_audio] AndroidManifest.xml:5:5-44
MERGED from [:permission_handler_android] AndroidManifest.xml:5:5-44
MERGED from [:permission_handler_android] AndroidManifest.xml:5:5-44
MERGED from [:fluttertoast] AndroidManifest.xml:5:5-44
MERGED from [:fluttertoast] AndroidManifest.xml:5:5-44
MERGED from [:device_info_plus] AndroidManifest.xml:5:5-44
MERGED from [:device_info_plus] AndroidManifest.xml:5:5-44
MERGED from [:audio_session] AndroidManifest.xml:5:5-44
MERGED from [:audio_session] AndroidManifest.xml:5:5-44
MERGED from [:video_player_android] AndroidManifest.xml:5:5-44
MERGED from [:video_player_android] AndroidManifest.xml:5:5-44
MERGED from [:android_path_provider] AndroidManifest.xml:5:5-44
MERGED from [:android_path_provider] AndroidManifest.xml:5:5-44
MERGED from [androidx.window:window-java:1.0.0-beta04] AndroidManifest.xml:19:5-21:41
MERGED from [androidx.window:window-java:1.0.0-beta04] AndroidManifest.xml:19:5-21:41
MERGED from [androidx.window:window:1.0.0-beta04] AndroidManifest.xml:20:5-22:41
MERGED from [androidx.window:window:1.0.0-beta04] AndroidManifest.xml:20:5-22:41
MERGED from [androidx.multidex:multidex:2.0.0] AndroidManifest.xml:20:5-43
MERGED from [androidx.multidex:multidex:2.0.0] AndroidManifest.xml:20:5-43
MERGED from [androidx.exifinterface:exifinterface:1.3.0] AndroidManifest.xml:20:5-22:41
MERGED from [androidx.exifinterface:exifinterface:1.3.0] AndroidManifest.xml:20:5-22:41
MERGED from [androidx.work:work-runtime:2.7.1] AndroidManifest.xml:21:5-23:41
MERGED from [androidx.work:work-runtime:2.7.1] AndroidManifest.xml:21:5-23:41
MERGED from [androidx.fragment:fragment:1.3.6] AndroidManifest.xml:20:5-22:41
MERGED from [androidx.fragment:fragment:1.3.6] AndroidManifest.xml:20:5-22:41
MERGED from [androidx.viewpager:viewpager:1.0.0] AndroidManifest.xml:20:5-44
MERGED from [androidx.viewpager:viewpager:1.0.0] AndroidManifest.xml:20:5-44
MERGED from [androidx.loader:loader:1.0.0] AndroidManifest.xml:20:5-44
MERGED from [androidx.loader:loader:1.0.0] AndroidManifest.xml:20:5-44
MERGED from [androidx.activity:activity:1.2.4] AndroidManifest.xml:20:5-22:41
MERGED from [androidx.activity:activity:1.2.4] AndroidManifest.xml:20:5-22:41
MERGED from [androidx.customview:customview:1.0.0] AndroidManifest.xml:20:5-44
MERGED from [androidx.customview:customview:1.0.0] AndroidManifest.xml:20:5-44
MERGED from [androidx.media2:media2-session:1.1.3] AndroidManifest.xml:20:5-22:41
MERGED from [androidx.media2:media2-session:1.1.3] AndroidManifest.xml:20:5-22:41
MERGED from [androidx.media2:media2-common:1.1.3] AndroidManifest.xml:20:5-22:41
MERGED from [androidx.media2:media2-common:1.1.3] AndroidManifest.xml:20:5-22:41
MERGED from [androidx.media:media:1.2.0] AndroidManifest.xml:20:5-22:41
MERGED from [androidx.media:media:1.2.0] AndroidManifest.xml:20:5-22:41
MERGED from [androidx.core:core:1.6.0] AndroidManifest.xml:20:5-22:41
MERGED from [androidx.core:core:1.6.0] AndroidManifest.xml:20:5-22:41
MERGED from [com.google.android.exoplayer:exoplayer-dash:2.15.0] AndroidManifest.xml:20:5-22:41
MERGED from [com.google.android.exoplayer:exoplayer-dash:2.15.0] AndroidManifest.xml:20:5-22:41
MERGED from [com.google.android.exoplayer:exoplayer-hls:2.15.0] AndroidManifest.xml:20:5-22:41
MERGED from [com.google.android.exoplayer:exoplayer-hls:2.15.0] AndroidManifest.xml:20:5-22:41
MERGED from [com.google.android.exoplayer:exoplayer-smoothstreaming:2.15.0] AndroidManifest.xml:20:5-22:41
MERGED from [com.google.android.exoplayer:exoplayer-smoothstreaming:2.15.0] AndroidManifest.xml:20:5-22:41
MERGED from [com.google.android.exoplayer:exoplayer-core:2.15.0] AndroidManifest.xml:20:5-22:41
MERGED from [com.google.android.exoplayer:exoplayer-core:2.15.0] AndroidManifest.xml:20:5-22:41
MERGED from [androidx.startup:startup-runtime:1.0.0] AndroidManifest.xml:21:5-23:41
MERGED from [androidx.startup:startup-runtime:1.0.0] AndroidManifest.xml:21:5-23:41
MERGED from [androidx.tracing:tracing:1.0.0] AndroidManifest.xml:20:5-22:41
MERGED from [androidx.tracing:tracing:1.0.0] AndroidManifest.xml:20:5-22:41
MERGED from [androidx.versionedparcelable:versionedparcelable:1.1.1] AndroidManifest.xml:20:5-22:41
MERGED from [androidx.versionedparcelable:versionedparcelable:1.1.1] AndroidManifest.xml:20:5-22:41
MERGED from [androidx.room:room-runtime:2.2.5] AndroidManifest.xml:20:5-22:41
MERGED from [androidx.room:room-runtime:2.2.5] AndroidManifest.xml:20:5-22:41
MERGED from [androidx.sqlite:sqlite-framework:2.1.0] AndroidManifest.xml:20:5-22:41
MERGED from [androidx.sqlite:sqlite-framework:2.1.0] AndroidManifest.xml:20:5-22:41
MERGED from [androidx.sqlite:sqlite:2.1.0] AndroidManifest.xml:20:5-22:41
MERGED from [androidx.sqlite:sqlite:2.1.0] AndroidManifest.xml:20:5-22:41
MERGED from [androidx.lifecycle:lifecycle-viewmodel-savedstate:2.3.1] AndroidManifest.xml:20:5-22:41
MERGED from [androidx.lifecycle:lifecycle-viewmodel-savedstate:2.3.1] AndroidManifest.xml:20:5-22:41
MERGED from [androidx.lifecycle:lifecycle-viewmodel:2.3.1] AndroidManifest.xml:20:5-22:41
MERGED from [androidx.lifecycle:lifecycle-viewmodel:2.3.1] AndroidManifest.xml:20:5-22:41
MERGED from [androidx.savedstate:savedstate:1.1.0] AndroidManifest.xml:20:5-22:41
MERGED from [androidx.savedstate:savedstate:1.1.0] AndroidManifest.xml:20:5-22:41
MERGED from [com.google.android.exoplayer:exoplayer-extractor:2.15.0] AndroidManifest.xml:20:5-22:41
MERGED from [com.google.android.exoplayer:exoplayer-extractor:2.15.0] AndroidManifest.xml:20:5-22:41
MERGED from [com.google.android.exoplayer:exoplayer-common:2.15.0] AndroidManifest.xml:20:5-22:41
MERGED from [com.google.android.exoplayer:exoplayer-common:2.15.0] AndroidManifest.xml:20:5-22:41
MERGED from [androidx.lifecycle:lifecycle-livedata:2.1.0] AndroidManifest.xml:20:5-44
MERGED from [androidx.lifecycle:lifecycle-livedata:2.1.0] AndroidManifest.xml:20:5-44
MERGED from [androidx.lifecycle:lifecycle-livedata-core:2.3.1] AndroidManifest.xml:20:5-22:41
MERGED from [androidx.lifecycle:lifecycle-livedata-core:2.3.1] AndroidManifest.xml:20:5-22:41
MERGED from [androidx.lifecycle:lifecycle-service:2.1.0] AndroidManifest.xml:20:5-44
MERGED from [androidx.lifecycle:lifecycle-service:2.1.0] AndroidManifest.xml:20:5-44
MERGED from [androidx.lifecycle:lifecycle-runtime:2.3.1] AndroidManifest.xml:20:5-22:41
MERGED from [androidx.lifecycle:lifecycle-runtime:2.3.1] AndroidManifest.xml:20:5-22:41
MERGED from [androidx.arch.core:core-runtime:2.1.0] AndroidManifest.xml:20:5-22:41
MERGED from [androidx.arch.core:core-runtime:2.1.0] AndroidManifest.xml:20:5-22:41
MERGED from [androidx.annotation:annotation-experimental:1.1.0] AndroidManifest.xml:20:5-22:41
MERGED from [androidx.annotation:annotation-experimental:1.1.0] AndroidManifest.xml:20:5-22:41
INJECTED from src/main/AndroidManifest.xml
INJECTED from src/main/AndroidManifest.xml
	android:targetSdkVersion
		INJECTED from src/main/AndroidManifest.xml
		ADDED from src/main/AndroidManifest.xml
		INJECTED from src/main/AndroidManifest.xml
	android:minSdkVersion
		INJECTED from src/main/AndroidManifest.xml
		ADDED from src/main/AndroidManifest.xml
		INJECTED from src/main/AndroidManifest.xml
meta-data#android.support.FILE_PROVIDER_PATHS
ADDED from src/main/AndroidManifest.xml:54:11-56:53
	android:resource
		ADDED from src/main/AndroidManifest.xml:56:13-51
	android:name
		ADDED from src/main/AndroidManifest.xml:55:13-63
provider#io.flutter.plugins.imagepicker.ImagePickerFileProvider
ADDED from [:image_picker] AndroidManifest.xml:8:9-16:20
	android:grantUriPermissions
		ADDED from [:image_picker] AndroidManifest.xml:12:13-47
	android:authorities
		ADDED from [:image_picker] AndroidManifest.xml:10:13-74
	android:exported
		ADDED from [:image_picker] AndroidManifest.xml:11:13-37
	android:name
		ADDED from [:image_picker] AndroidManifest.xml:9:13-82
queries
ADDED from [:flutter_downloader] AndroidManifest.xml:8:5-12:15
MERGED from [androidx.media2:media2-session:1.1.3] AndroidManifest.xml:24:5-34:15
MERGED from [androidx.media2:media2-session:1.1.3] AndroidManifest.xml:24:5-34:15
intent#action:name:android.intent.action.VIEW
ADDED from [:flutter_downloader] AndroidManifest.xml:9:9-11:18
action#android.intent.action.VIEW
ADDED from [:flutter_downloader] AndroidManifest.xml:10:13-65
	android:name
		ADDED from [:flutter_downloader] AndroidManifest.xml:10:21-62
uses-library#androidx.window.extensions
ADDED from [androidx.window:window:1.0.0-beta04] AndroidManifest.xml:25:9-27:40
	android:required
		ADDED from [androidx.window:window:1.0.0-beta04] AndroidManifest.xml:27:13-37
	android:name
		ADDED from [androidx.window:window:1.0.0-beta04] AndroidManifest.xml:26:13-54
uses-library#androidx.window.sidecar
ADDED from [androidx.window:window:1.0.0-beta04] AndroidManifest.xml:28:9-30:40
	android:required
		ADDED from [androidx.window:window:1.0.0-beta04] AndroidManifest.xml:30:13-37
	android:name
		ADDED from [androidx.window:window:1.0.0-beta04] AndroidManifest.xml:29:13-51
uses-permission#android.permission.WAKE_LOCK
ADDED from [androidx.work:work-runtime:2.7.1] AndroidManifest.xml:25:5-68
	android:name
		ADDED from [androidx.work:work-runtime:2.7.1] AndroidManifest.xml:25:22-65
uses-permission#android.permission.RECEIVE_BOOT_COMPLETED
ADDED from [androidx.work:work-runtime:2.7.1] AndroidManifest.xml:27:5-81
	android:name
		ADDED from [androidx.work:work-runtime:2.7.1] AndroidManifest.xml:27:22-78
uses-permission#android.permission.FOREGROUND_SERVICE
ADDED from [androidx.work:work-runtime:2.7.1] AndroidManifest.xml:28:5-77
	android:name
		ADDED from [androidx.work:work-runtime:2.7.1] AndroidManifest.xml:28:22-74
provider#androidx.startup.InitializationProvider
ADDED from [androidx.work:work-runtime:2.7.1] AndroidManifest.xml:31:9-39:20
MERGED from [androidx.startup:startup-runtime:1.0.0] AndroidManifest.xml:26:9-30:34
MERGED from [androidx.startup:startup-runtime:1.0.0] AndroidManifest.xml:26:9-30:34
	tools:node
		ADDED from [androidx.work:work-runtime:2.7.1] AndroidManifest.xml:35:13-31
	android:authorities
		ADDED from [androidx.work:work-runtime:2.7.1] AndroidManifest.xml:33:13-68
	android:exported
		ADDED from [androidx.work:work-runtime:2.7.1] AndroidManifest.xml:34:13-37
	android:name
		ADDED from [androidx.work:work-runtime:2.7.1] AndroidManifest.xml:32:13-67
meta-data#androidx.work.WorkManagerInitializer
ADDED from [androidx.work:work-runtime:2.7.1] AndroidManifest.xml:36:13-38:52
	android:value
		ADDED from [androidx.work:work-runtime:2.7.1] AndroidManifest.xml:38:17-49
	android:name
		ADDED from [androidx.work:work-runtime:2.7.1] AndroidManifest.xml:37:17-68
service#androidx.work.impl.background.systemalarm.SystemAlarmService
ADDED from [androidx.work:work-runtime:2.7.1] AndroidManifest.xml:41:9-46:35
	android:enabled
		ADDED from [androidx.work:work-runtime:2.7.1] AndroidManifest.xml:44:13-72
	android:exported
		ADDED from [androidx.work:work-runtime:2.7.1] AndroidManifest.xml:45:13-37
	tools:targetApi
		ADDED from [androidx.work:work-runtime:2.7.1] AndroidManifest.xml:46:13-32
	android:directBootAware
		ADDED from [androidx.work:work-runtime:2.7.1] AndroidManifest.xml:43:13-44
	android:name
		ADDED from [androidx.work:work-runtime:2.7.1] AndroidManifest.xml:42:13-88
service#androidx.work.impl.background.systemjob.SystemJobService
ADDED from [androidx.work:work-runtime:2.7.1] AndroidManifest.xml:47:9-53:35
	android:enabled
		ADDED from [androidx.work:work-runtime:2.7.1] AndroidManifest.xml:50:13-70
	android:exported
		ADDED from [androidx.work:work-runtime:2.7.1] AndroidManifest.xml:51:13-36
	android:permission
		ADDED from [androidx.work:work-runtime:2.7.1] AndroidManifest.xml:52:13-69
	tools:targetApi
		ADDED from [androidx.work:work-runtime:2.7.1] AndroidManifest.xml:53:13-32
	android:directBootAware
		ADDED from [androidx.work:work-runtime:2.7.1] AndroidManifest.xml:49:13-44
	android:name
		ADDED from [androidx.work:work-runtime:2.7.1] AndroidManifest.xml:48:13-84
service#androidx.work.impl.foreground.SystemForegroundService
ADDED from [androidx.work:work-runtime:2.7.1] AndroidManifest.xml:54:9-59:35
	android:enabled
		ADDED from [androidx.work:work-runtime:2.7.1] AndroidManifest.xml:57:13-77
	android:exported
		ADDED from [androidx.work:work-runtime:2.7.1] AndroidManifest.xml:58:13-37
	tools:targetApi
		ADDED from [androidx.work:work-runtime:2.7.1] AndroidManifest.xml:59:13-32
	android:directBootAware
		ADDED from [androidx.work:work-runtime:2.7.1] AndroidManifest.xml:56:13-44
	android:name
		ADDED from [androidx.work:work-runtime:2.7.1] AndroidManifest.xml:55:13-81
receiver#androidx.work.impl.utils.ForceStopRunnable$BroadcastReceiver
ADDED from [androidx.work:work-runtime:2.7.1] AndroidManifest.xml:61:9-66:35
	android:enabled
		ADDED from [androidx.work:work-runtime:2.7.1] AndroidManifest.xml:64:13-35
	android:exported
		ADDED from [androidx.work:work-runtime:2.7.1] AndroidManifest.xml:65:13-37
	tools:targetApi
		ADDED from [androidx.work:work-runtime:2.7.1] AndroidManifest.xml:66:13-32
	android:directBootAware
		ADDED from [androidx.work:work-runtime:2.7.1] AndroidManifest.xml:63:13-44
	android:name
		ADDED from [androidx.work:work-runtime:2.7.1] AndroidManifest.xml:62:13-88
receiver#androidx.work.impl.background.systemalarm.ConstraintProxy$BatteryChargingProxy
ADDED from [androidx.work:work-runtime:2.7.1] AndroidManifest.xml:67:9-77:20
	android:enabled
		ADDED from [androidx.work:work-runtime:2.7.1] AndroidManifest.xml:70:13-36
	android:exported
		ADDED from [androidx.work:work-runtime:2.7.1] AndroidManifest.xml:71:13-37
	tools:targetApi
		ADDED from [androidx.work:work-runtime:2.7.1] AndroidManifest.xml:72:13-32
	android:directBootAware
		ADDED from [androidx.work:work-runtime:2.7.1] AndroidManifest.xml:69:13-44
	android:name
		ADDED from [androidx.work:work-runtime:2.7.1] AndroidManifest.xml:68:13-106
intent-filter#action:name:android.intent.action.ACTION_POWER_CONNECTED+action:name:android.intent.action.ACTION_POWER_DISCONNECTED
ADDED from [androidx.work:work-runtime:2.7.1] AndroidManifest.xml:73:13-76:29
action#android.intent.action.ACTION_POWER_CONNECTED
ADDED from [androidx.work:work-runtime:2.7.1] AndroidManifest.xml:74:17-87
	android:name
		ADDED from [androidx.work:work-runtime:2.7.1] AndroidManifest.xml:74:25-84
action#android.intent.action.ACTION_POWER_DISCONNECTED
ADDED from [androidx.work:work-runtime:2.7.1] AndroidManifest.xml:75:17-90
	android:name
		ADDED from [androidx.work:work-runtime:2.7.1] AndroidManifest.xml:75:25-87
receiver#androidx.work.impl.background.systemalarm.ConstraintProxy$BatteryNotLowProxy
ADDED from [androidx.work:work-runtime:2.7.1] AndroidManifest.xml:78:9-88:20
	android:enabled
		ADDED from [androidx.work:work-runtime:2.7.1] AndroidManifest.xml:81:13-36
	android:exported
		ADDED from [androidx.work:work-runtime:2.7.1] AndroidManifest.xml:82:13-37
	tools:targetApi
		ADDED from [androidx.work:work-runtime:2.7.1] AndroidManifest.xml:83:13-32
	android:directBootAware
		ADDED from [androidx.work:work-runtime:2.7.1] AndroidManifest.xml:80:13-44
	android:name
		ADDED from [androidx.work:work-runtime:2.7.1] AndroidManifest.xml:79:13-104
intent-filter#action:name:android.intent.action.BATTERY_LOW+action:name:android.intent.action.BATTERY_OKAY
ADDED from [androidx.work:work-runtime:2.7.1] AndroidManifest.xml:84:13-87:29
action#android.intent.action.BATTERY_OKAY
ADDED from [androidx.work:work-runtime:2.7.1] AndroidManifest.xml:85:17-77
	android:name
		ADDED from [androidx.work:work-runtime:2.7.1] AndroidManifest.xml:85:25-74
action#android.intent.action.BATTERY_LOW
ADDED from [androidx.work:work-runtime:2.7.1] AndroidManifest.xml:86:17-76
	android:name
		ADDED from [androidx.work:work-runtime:2.7.1] AndroidManifest.xml:86:25-73
receiver#androidx.work.impl.background.systemalarm.ConstraintProxy$StorageNotLowProxy
ADDED from [androidx.work:work-runtime:2.7.1] AndroidManifest.xml:89:9-99:20
	android:enabled
		ADDED from [androidx.work:work-runtime:2.7.1] AndroidManifest.xml:92:13-36
	android:exported
		ADDED from [androidx.work:work-runtime:2.7.1] AndroidManifest.xml:93:13-37
	tools:targetApi
		ADDED from [androidx.work:work-runtime:2.7.1] AndroidManifest.xml:94:13-32
	android:directBootAware
		ADDED from [androidx.work:work-runtime:2.7.1] AndroidManifest.xml:91:13-44
	android:name
		ADDED from [androidx.work:work-runtime:2.7.1] AndroidManifest.xml:90:13-104
intent-filter#action:name:android.intent.action.DEVICE_STORAGE_LOW+action:name:android.intent.action.DEVICE_STORAGE_OK
ADDED from [androidx.work:work-runtime:2.7.1] AndroidManifest.xml:95:13-98:29
action#android.intent.action.DEVICE_STORAGE_LOW
ADDED from [androidx.work:work-runtime:2.7.1] AndroidManifest.xml:96:17-83
	android:name
		ADDED from [androidx.work:work-runtime:2.7.1] AndroidManifest.xml:96:25-80
action#android.intent.action.DEVICE_STORAGE_OK
ADDED from [androidx.work:work-runtime:2.7.1] AndroidManifest.xml:97:17-82
	android:name
		ADDED from [androidx.work:work-runtime:2.7.1] AndroidManifest.xml:97:25-79
receiver#androidx.work.impl.background.systemalarm.ConstraintProxy$NetworkStateProxy
ADDED from [androidx.work:work-runtime:2.7.1] AndroidManifest.xml:100:9-109:20
	android:enabled
		ADDED from [androidx.work:work-runtime:2.7.1] AndroidManifest.xml:103:13-36
	android:exported
		ADDED from [androidx.work:work-runtime:2.7.1] AndroidManifest.xml:104:13-37
	tools:targetApi
		ADDED from [androidx.work:work-runtime:2.7.1] AndroidManifest.xml:105:13-32
	android:directBootAware
		ADDED from [androidx.work:work-runtime:2.7.1] AndroidManifest.xml:102:13-44
	android:name
		ADDED from [androidx.work:work-runtime:2.7.1] AndroidManifest.xml:101:13-103
intent-filter#action:name:android.net.conn.CONNECTIVITY_CHANGE
ADDED from [androidx.work:work-runtime:2.7.1] AndroidManifest.xml:106:13-108:29
action#android.net.conn.CONNECTIVITY_CHANGE
ADDED from [androidx.work:work-runtime:2.7.1] AndroidManifest.xml:107:17-79
	android:name
		ADDED from [androidx.work:work-runtime:2.7.1] AndroidManifest.xml:107:25-76
receiver#androidx.work.impl.background.systemalarm.RescheduleReceiver
ADDED from [androidx.work:work-runtime:2.7.1] AndroidManifest.xml:110:9-121:20
	android:enabled
		ADDED from [androidx.work:work-runtime:2.7.1] AndroidManifest.xml:113:13-36
	android:exported
		ADDED from [androidx.work:work-runtime:2.7.1] AndroidManifest.xml:114:13-37
	tools:targetApi
		ADDED from [androidx.work:work-runtime:2.7.1] AndroidManifest.xml:115:13-32
	android:directBootAware
		ADDED from [androidx.work:work-runtime:2.7.1] AndroidManifest.xml:112:13-44
	android:name
		ADDED from [androidx.work:work-runtime:2.7.1] AndroidManifest.xml:111:13-88
intent-filter#action:name:android.intent.action.BOOT_COMPLETED+action:name:android.intent.action.TIMEZONE_CHANGED+action:name:android.intent.action.TIME_SET
ADDED from [androidx.work:work-runtime:2.7.1] AndroidManifest.xml:116:13-120:29
action#android.intent.action.BOOT_COMPLETED
ADDED from [androidx.work:work-runtime:2.7.1] AndroidManifest.xml:117:17-79
	android:name
		ADDED from [androidx.work:work-runtime:2.7.1] AndroidManifest.xml:117:25-76
action#android.intent.action.TIME_SET
ADDED from [androidx.work:work-runtime:2.7.1] AndroidManifest.xml:118:17-73
	android:name